[0m20:45:04.667755 [debug] [MainThread]: Sending event: {'category': 'dbt', 'action': 'invocation', 'label': 'start', 'context': [<snowplow_tracker.self_describing_json.SelfDescribingJson object at 0x106f2f380>, <snowplow_tracker.self_describing_json.SelfDescribingJson object at 0x107c9fb00>, <snowplow_tracker.self_describing_json.SelfDescribingJson object at 0x10734b200>]}


============================== 20:45:04.669522 | d243dc25-b09e-4b86-91be-7d67c5ffe706 ==============================
[0m20:45:04.669522 [info ] [MainThread]: Running with dbt=1.10.15
[0m20:45:04.669777 [debug] [MainThread]: running dbt with arguments {'use_colors': 'True', 'target_path': 'None', 'invocation_command': 'dbt init', 'quiet': 'False', 'printer_width': '80', 'partial_parse': 'True', 'profiles_dir': '/Users/ayushacharya/.dbt', 'introspect': 'True', 'version_check': 'True', 'empty': 'None', 'warn_error': 'None', 'warn_error_options': 'WarnErrorOptionsV2(error=[], warn=[], silence=[])', 'static_parser': 'True', 'log_cache_events': 'False', 'indirect_selection': 'eager', 'log_format': 'default', 'no_print': 'None', 'fail_fast': 'False', 'log_path': 'logs', 'cache_selected_only': 'False', 'debug': 'False', 'use_experimental_parser': 'False', 'send_anonymous_usage_stats': 'True', 'write_json': 'True'}
[0m20:45:15.997783 [debug] [MainThread]: Starter project path: /Volumes/Ayush SSD/Repo/End to End ELT/.venv/lib/python3.12/site-packages/dbt/include/starter_project
[0m20:45:16.009651 [info ] [MainThread]: 
Your new dbt project "fake_data_modelling" was created!

For more information on how to configure the profiles.yml file,
please consult the dbt documentation here:

  https://docs.getdbt.com/docs/configure-your-profile

One more thing:

Need help? Don't hesitate to reach out to us via GitHub issues or on Slack:

  https://community.getdbt.com/

Happy modeling!

[0m20:45:16.010362 [info ] [MainThread]: Setting up your profile.
[0m20:50:30.918767 [info ] [MainThread]: Profile fake_data_modelling written to /Users/ayushacharya/.dbt/profiles.yml using target's profile_template.yml and your supplied values. Run 'dbt debug' to validate the connection.
[0m20:50:30.923443 [debug] [MainThread]: Resource report: {"command_name": "init", "command_success": true, "command_wall_clock_time": 326.28098, "process_in_blocks": "0", "process_kernel_time": 0.123042, "process_mem_max_rss": "145031168", "process_out_blocks": "0", "process_user_time": 0.957549}
[0m20:50:30.924658 [debug] [MainThread]: Command `dbt init` succeeded at 20:50:30.924440 after 326.28 seconds
[0m20:50:30.926010 [debug] [MainThread]: Sending event: {'category': 'dbt', 'action': 'invocation', 'label': 'end', 'context': [<snowplow_tracker.self_describing_json.SelfDescribingJson object at 0x1079bf4d0>, <snowplow_tracker.self_describing_json.SelfDescribingJson object at 0x108126ea0>, <snowplow_tracker.self_describing_json.SelfDescribingJson object at 0x108f0ad20>]}
[0m20:50:30.927261 [debug] [MainThread]: Flushing usage events
[0m20:50:32.685533 [debug] [MainThread]: An error was encountered while trying to flush usage events
